Using pre-set license
Built from 'trunk' branch; Version is '2021.2.0a5 (4a734693b889) revision 4879174'; Using compiler version '192829333'; Build Type 'Release'
OS: 'Windows 10 Pro; OS build 19042.804; Version 2009; 64bit' Language: 'de' Physical Memory: 32674 MB
BatchMode: 1, IsHumanControllingUs: 0, StartBugReporterOnCrash: 0, Is64bit: 1, IsPro: 0

 COMMAND LINE ARGUMENTS:
C:\Program Files\Unity\Hub\Editor\2021.2.0a5\Editor\Unity.exe
-adb2
-batchMode
-noUpm
-name
AssetImportWorker0
-projectPath
C:/Users/felix/Low-poly Colonist game
-logFile
Logs/AssetImportWorker0.log
-srvPort
61952
Successfully changed project path to: C:/Users/felix/Low-poly Colonist game
C:/Users/felix/Low-poly Colonist game
Using Asset Import Pipeline V2.
Refreshing native plugins compatible for Editor in 58.96 ms, found 1 plugins.
Preloading 0 native plugins for Editor in 0.00 ms.
Initialize engine version: 2021.2.0a5 (4a734693b889)
[Subsystems] Discovering subsystems at path C:/Program Files/Unity/Hub/Editor/2021.2.0a5/Editor/Data/Resources/UnitySubsystems
[Subsystems] Discovering subsystems at path C:/Users/felix/Low-poly Colonist game/Assets
GfxDevice: creating device client; threaded=0; jobified=0
Direct3D:
    Version:  Direct3D 11.0 [level 11.1]
    Renderer: NVIDIA GeForce RTX 2080 (ID=0x1e87)
    Vendor:   NVIDIA
    VRAM:     8010 MB
    Driver:   27.21.14.6140
Initialize mono
Mono path[0] = 'C:/Program Files/Unity/Hub/Editor/2021.2.0a5/Editor/Data/Managed'
Mono path[1] = 'C:/Program Files/Unity/Hub/Editor/2021.2.0a5/Editor/Data/MonoBleedingEdge/lib/mono/unityjit'
Mono config path = 'C:/Program Files/Unity/Hub/Editor/2021.2.0a5/Editor/Data/MonoBleedingEdge/etc'
Using monoOptions --debugger-agent=transport=dt_socket,embedding=1,server=y,suspend=n,address=127.0.0.1:56148
Begin MonoManager ReloadAssembly
Registering precompiled unity dll's ...
Register platform support module: C:/Program Files/Unity/Hub/Editor/2021.2.0a5/Editor/Data/PlaybackEngines/WindowsStandaloneSupport/UnityEditor.WindowsStandalone.Extensions.dll
Registered in 0.001581 seconds.
Native extension for WindowsStandalone target not found
Refreshing native plugins compatible for Editor in 58.75 ms, found 1 plugins.
Preloading 0 native plugins for Editor in 0.00 ms.
Mono: successfully reloaded assembly
- Completed reload, in  0.990 seconds
Platform modules already initialized, skipping
Registering precompiled user dll's ...
Registered in 0.003927 seconds.
Begin MonoManager ReloadAssembly
Native extension for WindowsStandalone target not found
Refreshing native plugins compatible for Editor in 62.28 ms, found 1 plugins.
Preloading 0 native plugins for Editor in 0.00 ms.
Mono: successfully reloaded assembly
- Completed reload, in  0.885 seconds
Platform modules already initialized, skipping
========================================================================
Worker process is ready to serve import requests
Launched and connected shader compiler UnityShaderCompiler.exe after 0.05 seconds
Refreshing native plugins compatible for Editor in 0.55 ms, found 1 plugins.
Preloading 0 native plugins for Editor in 0.00 ms.
Unloading 3104 Unused Serialized files (Serialized files now loaded: 0)
System memory in use before: 114.1 MB.
System memory in use after: 114.3 MB.

Unloading 20 unused Assets to reduce memory usage. Loaded Objects now: 3562.
Total: 1.794200 ms (FindLiveObjects: 0.217200 ms CreateObjectMapping: 0.069900 ms MarkObjects: 1.444100 ms  DeleteObjects: 0.062200 ms)

========================================================================
Received Import Request.
  path: Assets/PlayerInputs.inputactions
  artifactKey: Guid(7102e864b8592cc429ea268d45e724c6) Importer(815301076,1909f56bfc062723c751e8b465ee728b)
Start importing Assets/PlayerInputs.inputactions using Guid(7102e864b8592cc429ea268d45e724c6) Importer(815301076,1909f56bfc062723c751e8b465ee728b)  -> (artifact id: '4cfc2e304a6178bd76d6e1b232ff349e') in 0.034551 seconds 
========================================================================
Received Import Request.
  Time since last request: 51.149427 seconds.
  path: Assets/PlayerInputs.inputactions
  artifactKey: Guid(7102e864b8592cc429ea268d45e724c6) Importer(815301076,1909f56bfc062723c751e8b465ee728b)
Start importing Assets/PlayerInputs.inputactions using Guid(7102e864b8592cc429ea268d45e724c6) Importer(815301076,1909f56bfc062723c751e8b465ee728b)  -> (artifact id: '7fad3f337c8d159876ee338e6804101d') in 0.008794 seconds 
========================================================================
Received Prepare
Registering precompiled user dll's ...
Registered in 0.005903 seconds.
Begin MonoManager ReloadAssembly
Native extension for WindowsStandalone target not found
Refreshing native plugins compatible for Editor in 0.83 ms, found 1 plugins.
Preloading 0 native plugins for Editor in 0.00 ms.
Mono: successfully reloaded assembly
- Completed reload, in  0.873 seconds
Platform modules already initialized, skipping
Refreshing native plugins compatible for Editor in 0.59 ms, found 1 plugins.
Preloading 0 native plugins for Editor in 0.00 ms.
Unloading 3098 Unused Serialized files (Serialized files now loaded: 0)
System memory in use before: 114.2 MB.
System memory in use after: 114.4 MB.

Unloading 13 unused Assets to reduce memory usage. Loaded Objects now: 3565.
Total: 1.807200 ms (FindLiveObjects: 0.221500 ms CreateObjectMapping: 0.068300 ms MarkObjects: 1.472900 ms  DeleteObjects: 0.043900 ms)

========================================================================
Received Prepare
Registering precompiled user dll's ...
Registered in 0.003367 seconds.
Begin MonoManager ReloadAssembly
Native extension for WindowsStandalone target not found
Refreshing native plugins compatible for Editor in 0.59 ms, found 1 plugins.
Preloading 0 native plugins for Editor in 0.00 ms.
Mono: successfully reloaded assembly
- Completed reload, in  0.773 seconds
Platform modules already initialized, skipping
Refreshing native plugins compatible for Editor in 0.56 ms, found 1 plugins.
Preloading 0 native plugins for Editor in 0.00 ms.
Unloading 3098 Unused Serialized files (Serialized files now loaded: 0)
System memory in use before: 114.3 MB.
System memory in use after: 114.5 MB.

Unloading 13 unused Assets to reduce memory usage. Loaded Objects now: 3567.
Total: 1.911800 ms (FindLiveObjects: 0.222800 ms CreateObjectMapping: 0.067900 ms MarkObjects: 1.575200 ms  DeleteObjects: 0.045300 ms)

========================================================================
Received Prepare
Registering precompiled user dll's ...
Registered in 0.003378 seconds.
Begin MonoManager ReloadAssembly
Native extension for WindowsStandalone target not found
Refreshing native plugins compatible for Editor in 0.55 ms, found 1 plugins.
Preloading 0 native plugins for Editor in 0.00 ms.
Mono: successfully reloaded assembly
- Completed reload, in  0.772 seconds
Platform modules already initialized, skipping
Refreshing native plugins compatible for Editor in 0.54 ms, found 1 plugins.
Preloading 0 native plugins for Editor in 0.00 ms.
Unloading 3098 Unused Serialized files (Serialized files now loaded: 0)
System memory in use before: 114.3 MB.
System memory in use after: 114.5 MB.

Unloading 13 unused Assets to reduce memory usage. Loaded Objects now: 3569.
Total: 1.709800 ms (FindLiveObjects: 0.191300 ms CreateObjectMapping: 0.067600 ms MarkObjects: 1.409600 ms  DeleteObjects: 0.040500 ms)

========================================================================
Received Prepare
Registering precompiled user dll's ...
Registered in 0.003434 seconds.
Begin MonoManager ReloadAssembly
Native extension for WindowsStandalone target not found
Refreshing native plugins compatible for Editor in 0.75 ms, found 1 plugins.
Preloading 0 native plugins for Editor in 0.00 ms.
Mono: successfully reloaded assembly
- Completed reload, in  0.759 seconds
Platform modules already initialized, skipping
Refreshing native plugins compatible for Editor in 0.66 ms, found 1 plugins.
Preloading 0 native plugins for Editor in 0.00 ms.
Unloading 3098 Unused Serialized files (Serialized files now loaded: 0)
System memory in use before: 114.3 MB.
System memory in use after: 114.5 MB.

Unloading 13 unused Assets to reduce memory usage. Loaded Objects now: 3571.
Total: 1.761700 ms (FindLiveObjects: 0.194600 ms CreateObjectMapping: 0.066700 ms MarkObjects: 1.461700 ms  DeleteObjects: 0.038000 ms)

========================================================================
Received Prepare
Registering precompiled user dll's ...
Registered in 0.003283 seconds.
Begin MonoManager ReloadAssembly
Native extension for WindowsStandalone target not found
Refreshing native plugins compatible for Editor in 0.87 ms, found 1 plugins.
Preloading 0 native plugins for Editor in 0.00 ms.
Mono: successfully reloaded assembly
- Completed reload, in  0.746 seconds
Platform modules already initialized, skipping
Refreshing native plugins compatible for Editor in 0.54 ms, found 1 plugins.
Preloading 0 native plugins for Editor in 0.00 ms.
Unloading 3098 Unused Serialized files (Serialized files now loaded: 0)
System memory in use before: 114.3 MB.
System memory in use after: 114.5 MB.

Unloading 13 unused Assets to reduce memory usage. Loaded Objects now: 3573.
Total: 1.836900 ms (FindLiveObjects: 0.212600 ms CreateObjectMapping: 0.074600 ms MarkObjects: 1.510700 ms  DeleteObjects: 0.038400 ms)

========================================================================
Received Prepare
Registering precompiled user dll's ...
Registered in 0.003589 seconds.
Begin MonoManager ReloadAssembly
Native extension for WindowsStandalone target not found
Refreshing native plugins compatible for Editor in 0.67 ms, found 1 plugins.
Preloading 0 native plugins for Editor in 0.00 ms.
Mono: successfully reloaded assembly
- Completed reload, in  0.816 seconds
Platform modules already initialized, skipping
Refreshing native plugins compatible for Editor in 0.78 ms, found 1 plugins.
Preloading 0 native plugins for Editor in 0.00 ms.
Unloading 3098 Unused Serialized files (Serialized files now loaded: 0)
System memory in use before: 114.3 MB.
System memory in use after: 114.5 MB.

Unloading 13 unused Assets to reduce memory usage. Loaded Objects now: 3575.
Total: 1.882600 ms (FindLiveObjects: 0.222700 ms CreateObjectMapping: 0.068200 ms MarkObjects: 1.546500 ms  DeleteObjects: 0.044400 ms)

========================================================================
Received Prepare
Registering precompiled user dll's ...
Registered in 0.003321 seconds.
Begin MonoManager ReloadAssembly
Native extension for WindowsStandalone target not found
Refreshing native plugins compatible for Editor in 0.55 ms, found 1 plugins.
Preloading 0 native plugins for Editor in 0.00 ms.
Mono: successfully reloaded assembly
- Completed reload, in  0.761 seconds
Platform modules already initialized, skipping
Refreshing native plugins compatible for Editor in 0.55 ms, found 1 plugins.
Preloading 0 native plugins for Editor in 0.00 ms.
Unloading 3098 Unused Serialized files (Serialized files now loaded: 0)
System memory in use before: 114.3 MB.
System memory in use after: 114.5 MB.

Unloading 13 unused Assets to reduce memory usage. Loaded Objects now: 3577.
Total: 1.724500 ms (FindLiveObjects: 0.206000 ms CreateObjectMapping: 0.067100 ms MarkObjects: 1.413000 ms  DeleteObjects: 0.037400 ms)

========================================================================
Received Prepare
Registering precompiled user dll's ...
Registered in 0.003286 seconds.
Begin MonoManager ReloadAssembly
Native extension for WindowsStandalone target not found
Refreshing native plugins compatible for Editor in 0.66 ms, found 1 plugins.
Preloading 0 native plugins for Editor in 0.00 ms.
Mono: successfully reloaded assembly
- Completed reload, in  0.808 seconds
Platform modules already initialized, skipping
Refreshing native plugins compatible for Editor in 0.65 ms, found 1 plugins.
Preloading 0 native plugins for Editor in 0.00 ms.
Unloading 3098 Unused Serialized files (Serialized files now loaded: 0)
System memory in use before: 114.4 MB.
System memory in use after: 114.6 MB.

Unloading 13 unused Assets to reduce memory usage. Loaded Objects now: 3579.
Total: 1.745700 ms (FindLiveObjects: 0.223000 ms CreateObjectMapping: 0.072100 ms MarkObjects: 1.409000 ms  DeleteObjects: 0.040800 ms)

========================================================================
Received Import Request.
  Time since last request: 1661.179933 seconds.
  path: Assets/Meshes/Ground.fbx
  artifactKey: Guid(c271c674df973334682fa29ab089d26d) Importer(815301076,1909f56bfc062723c751e8b465ee728b)
Start importing Assets/Meshes/Ground.fbx using Guid(c271c674df973334682fa29ab089d26d) Importer(815301076,1909f56bfc062723c751e8b465ee728b)  -> (artifact id: '96d150e04b8b1526037b30e339a702bc') in 0.118379 seconds 
========================================================================
Received Prepare
Registering precompiled user dll's ...
Registered in 0.003180 seconds.
Begin MonoManager ReloadAssembly
Native extension for WindowsStandalone target not found
Refreshing native plugins compatible for Editor in 0.83 ms, found 1 plugins.
Preloading 0 native plugins for Editor in 0.00 ms.
Mono: successfully reloaded assembly
- Completed reload, in  0.764 seconds
Platform modules already initialized, skipping
Refreshing native plugins compatible for Editor in 0.51 ms, found 1 plugins.
Preloading 0 native plugins for Editor in 0.00 ms.
Unloading 3098 Unused Serialized files (Serialized files now loaded: 0)
System memory in use before: 118.3 MB.
System memory in use after: 118.5 MB.

Unloading 13 unused Assets to reduce memory usage. Loaded Objects now: 3623.
Total: 1.781500 ms (FindLiveObjects: 0.200300 ms CreateObjectMapping: 0.067800 ms MarkObjects: 1.454900 ms  DeleteObjects: 0.057800 ms)

========================================================================
Received Prepare
Registering precompiled user dll's ...
Registered in 0.004351 seconds.
Begin MonoManager ReloadAssembly
Native extension for WindowsStandalone target not found
Refreshing native plugins compatible for Editor in 0.55 ms, found 1 plugins.
Preloading 0 native plugins for Editor in 0.00 ms.
Mono: successfully reloaded assembly
- Completed reload, in  0.740 seconds
Platform modules already initialized, skipping
Refreshing native plugins compatible for Editor in 0.53 ms, found 1 plugins.
Preloading 0 native plugins for Editor in 0.00 ms.
Unloading 3098 Unused Serialized files (Serialized files now loaded: 0)
System memory in use before: 118.3 MB.
System memory in use after: 118.5 MB.

Unloading 13 unused Assets to reduce memory usage. Loaded Objects now: 3625.
Total: 1.942500 ms (FindLiveObjects: 0.187000 ms CreateObjectMapping: 0.068100 ms MarkObjects: 1.646500 ms  DeleteObjects: 0.040300 ms)

========================================================================
Received Prepare
Registering precompiled user dll's ...
Registered in 0.003246 seconds.
Begin MonoManager ReloadAssembly
Native extension for WindowsStandalone target not found
Refreshing native plugins compatible for Editor in 0.59 ms, found 1 plugins.
Preloading 0 native plugins for Editor in 0.00 ms.
Mono: successfully reloaded assembly
- Completed reload, in  0.740 seconds
Platform modules already initialized, skipping
Refreshing native plugins compatible for Editor in 0.53 ms, found 1 plugins.
Preloading 0 native plugins for Editor in 0.00 ms.
Unloading 3098 Unused Serialized files (Serialized files now loaded: 0)
System memory in use before: 118.3 MB.
System memory in use after: 118.5 MB.

Unloading 13 unused Assets to reduce memory usage. Loaded Objects now: 3627.
Total: 2.020900 ms (FindLiveObjects: 0.289900 ms CreateObjectMapping: 0.085300 ms MarkObjects: 1.593900 ms  DeleteObjects: 0.051200 ms)

========================================================================
Received Prepare
Registering precompiled user dll's ...
Registered in 0.003884 seconds.
Begin MonoManager ReloadAssembly
Native extension for WindowsStandalone target not found
Refreshing native plugins compatible for Editor in 0.56 ms, found 1 plugins.
Preloading 0 native plugins for Editor in 0.00 ms.
Mono: successfully reloaded assembly
- Completed reload, in  0.718 seconds
Platform modules already initialized, skipping
Refreshing native plugins compatible for Editor in 0.64 ms, found 1 plugins.
Preloading 0 native plugins for Editor in 0.00 ms.
Unloading 3098 Unused Serialized files (Serialized files now loaded: 0)
System memory in use before: 118.3 MB.
System memory in use after: 118.6 MB.

Unloading 13 unused Assets to reduce memory usage. Loaded Objects now: 3629.
Total: 1.776500 ms (FindLiveObjects: 0.220600 ms CreateObjectMapping: 0.068600 ms MarkObjects: 1.443400 ms  DeleteObjects: 0.043200 ms)

========================================================================
Received Prepare
Registering precompiled user dll's ...
Registered in 0.003988 seconds.
Begin MonoManager ReloadAssembly
Native extension for WindowsStandalone target not found
Refreshing native plugins compatible for Editor in 0.86 ms, found 1 plugins.
Preloading 0 native plugins for Editor in 0.00 ms.
Mono: successfully reloaded assembly
- Completed reload, in  0.737 seconds
Platform modules already initialized, skipping
Refreshing native plugins compatible for Editor in 0.65 ms, found 1 plugins.
Preloading 0 native plugins for Editor in 0.00 ms.
Unloading 3098 Unused Serialized files (Serialized files now loaded: 0)
System memory in use before: 118.4 MB.
System memory in use after: 118.6 MB.

Unloading 13 unused Assets to reduce memory usage. Loaded Objects now: 3631.
Total: 1.835500 ms (FindLiveObjects: 0.221400 ms CreateObjectMapping: 0.067900 ms MarkObjects: 1.498200 ms  DeleteObjects: 0.047300 ms)

========================================================================
Received Prepare
Registering precompiled user dll's ...
Registered in 0.003756 seconds.
Begin MonoManager ReloadAssembly
Native extension for WindowsStandalone target not found
Refreshing native plugins compatible for Editor in 0.57 ms, found 1 plugins.
Preloading 0 native plugins for Editor in 0.00 ms.
Mono: successfully reloaded assembly
- Completed reload, in  0.828 seconds
Platform modules already initialized, skipping
Refreshing native plugins compatible for Editor in 0.59 ms, found 1 plugins.
Preloading 0 native plugins for Editor in 0.00 ms.
Unloading 3098 Unused Serialized files (Serialized files now loaded: 0)
System memory in use before: 118.4 MB.
System memory in use after: 118.6 MB.

Unloading 13 unused Assets to reduce memory usage. Loaded Objects now: 3633.
Total: 2.368300 ms (FindLiveObjects: 0.288900 ms CreateObjectMapping: 0.076000 ms MarkObjects: 1.958200 ms  DeleteObjects: 0.044400 ms)

========================================================================
Received Import Request.
  Time since last request: 1586.901392 seconds.
  path: Assets/Samples/Input System/1.0.2/InputDeviceTester
  artifactKey: Guid(5c5ed57f59ddb9c46afdf878c4943a74) Importer(815301076,1909f56bfc062723c751e8b465ee728b)
Start importing Assets/Samples/Input System/1.0.2/InputDeviceTester using Guid(5c5ed57f59ddb9c46afdf878c4943a74) Importer(815301076,1909f56bfc062723c751e8b465ee728b)  -> (artifact id: '8577be42923739ef5d108bfa1c94703c') in 0.005755 seconds 
========================================================================
Received Import Request.
  Time since last request: 6.361147 seconds.
  path: Assets/Samples/Input System/1.0.2/Simple Demo
  artifactKey: Guid(0e938a680b717c147a56ed9d1daa2659) Importer(815301076,1909f56bfc062723c751e8b465ee728b)
Start importing Assets/Samples/Input System/1.0.2/Simple Demo using Guid(0e938a680b717c147a56ed9d1daa2659) Importer(815301076,1909f56bfc062723c751e8b465ee728b)  -> (artifact id: '6716f97f4bfff1e7986eefb2bde643e6') in 0.001968 seconds 
========================================================================
Received Prepare
Registering precompiled user dll's ...
Registered in 0.003345 seconds.
Begin MonoManager ReloadAssembly
Native extension for WindowsStandalone target not found
Refreshing native plugins compatible for Editor in 0.56 ms, found 1 plugins.
Preloading 0 native plugins for Editor in 0.00 ms.
Mono: successfully reloaded assembly
- Completed reload, in  0.763 seconds
Platform modules already initialized, skipping
Refreshing native plugins compatible for Editor in 0.61 ms, found 1 plugins.
Preloading 0 native plugins for Editor in 0.00 ms.
Unloading 3103 Unused Serialized files (Serialized files now loaded: 0)
System memory in use before: 118.5 MB.
System memory in use after: 118.7 MB.

Unloading 13 unused Assets to reduce memory usage. Loaded Objects now: 3640.
Total: 1.721800 ms (FindLiveObjects: 0.197100 ms CreateObjectMapping: 0.068100 ms MarkObjects: 1.410500 ms  DeleteObjects: 0.045100 ms)

========================================================================
Received Import Request.
  Time since last request: 6.315123 seconds.
  path: Assets/Samples/Input System/1.0.2/Simple Demo/Environment.prefab
  artifactKey: Guid(b6b5f266028754740b00996b1ad8ce4e) Importer(815301076,1909f56bfc062723c751e8b465ee728b)
Start importing Assets/Samples/Input System/1.0.2/Simple Demo/Environment.prefab using Guid(b6b5f266028754740b00996b1ad8ce4e) Importer(815301076,1909f56bfc062723c751e8b465ee728b)  -> (artifact id: '38795e4463eca98af7c85f8ce28a310f') in 0.047394 seconds 
========================================================================
Received Import Request.
  Time since last request: 0.000137 seconds.
  path: Assets/Samples/Input System/1.0.2/Simple Demo/SimpleControls.inputactions
  artifactKey: Guid(97210cd740af04df697b1fa71c9c9623) Importer(815301076,1909f56bfc062723c751e8b465ee728b)
Start importing Assets/Samples/Input System/1.0.2/Simple Demo/SimpleControls.inputactions using Guid(97210cd740af04df697b1fa71c9c9623) Importer(815301076,1909f56bfc062723c751e8b465ee728b)  -> (artifact id: '4f012302e1cbebc0a4e72555a1a33530') in 0.005790 seconds 
========================================================================
Received Import Request.
  Time since last request: 0.000136 seconds.
  path: Assets/Samples/Input System/1.0.2/Simple Demo/SimpleProjectile.prefab
  artifactKey: Guid(4be9e6cdd2d5d499ca5c16cc83fdf790) Importer(815301076,1909f56bfc062723c751e8b465ee728b)
Start importing Assets/Samples/Input System/1.0.2/Simple Demo/SimpleProjectile.prefab using Guid(4be9e6cdd2d5d499ca5c16cc83fdf790) Importer(815301076,1909f56bfc062723c751e8b465ee728b)  -> (artifact id: '73a81e1327a4a92f708a24bfe715e8a2') in 0.006751 seconds 
========================================================================
Received Import Request.
  Time since last request: 1.307897 seconds.
  path: Assets/Samples/Input System/1.0.2/Simple Demo/SimpleDemo_UsingActionAsset.unity
  artifactKey: Guid(e363a7a3b19f9476eafd671062b7b491) Importer(815301076,1909f56bfc062723c751e8b465ee728b)
Start importing Assets/Samples/Input System/1.0.2/Simple Demo/SimpleDemo_UsingActionAsset.unity using Guid(e363a7a3b19f9476eafd671062b7b491) Importer(815301076,1909f56bfc062723c751e8b465ee728b)  -> (artifact id: '28285a6360dbea407d3e2a62bfe0829a') in 0.002388 seconds 
========================================================================
Received Prepare
Registering precompiled user dll's ...
Registered in 0.004535 seconds.
Begin MonoManager ReloadAssembly
Native extension for WindowsStandalone target not found
Refreshing native plugins compatible for Editor in 0.75 ms, found 1 plugins.
Preloading 0 native plugins for Editor in 0.00 ms.
Mono: successfully reloaded assembly
- Completed reload, in  0.914 seconds
Platform modules already initialized, skipping
Refreshing native plugins compatible for Editor in 0.63 ms, found 1 plugins.
Preloading 0 native plugins for Editor in 0.00 ms.
Unloading 3103 Unused Serialized files (Serialized files now loaded: 0)
System memory in use before: 118.5 MB.
System memory in use after: 118.7 MB.

Unloading 14 unused Assets to reduce memory usage. Loaded Objects now: 3644.
Total: 2.080400 ms (FindLiveObjects: 0.238200 ms CreateObjectMapping: 0.069500 ms MarkObjects: 1.725600 ms  DeleteObjects: 0.046400 ms)

========================================================================
Received Prepare
Registering precompiled user dll's ...
Registered in 0.003380 seconds.
Begin MonoManager ReloadAssembly
Native extension for WindowsStandalone target not found
Refreshing native plugins compatible for Editor in 0.86 ms, found 1 plugins.
Preloading 0 native plugins for Editor in 0.00 ms.
Mono: successfully reloaded assembly
- Completed reload, in  0.780 seconds
Platform modules already initialized, skipping
Refreshing native plugins compatible for Editor in 0.55 ms, found 1 plugins.
Preloading 0 native plugins for Editor in 0.00 ms.
Unloading 3103 Unused Serialized files (Serialized files now loaded: 0)
System memory in use before: 118.6 MB.
System memory in use after: 118.8 MB.

Unloading 13 unused Assets to reduce memory usage. Loaded Objects now: 3646.
Total: 1.876000 ms (FindLiveObjects: 0.247900 ms CreateObjectMapping: 0.072600 ms MarkObjects: 1.515000 ms  DeleteObjects: 0.039600 ms)

========================================================================
Received Import Request.
  Time since last request: 89.595597 seconds.
  path: Assets/Samples/Input System/1.0.2/Simple Demo/SimpleDemo_UsingActions.unity
  artifactKey: Guid(f2caf1f86d6cf4e4093394b90ea1708e) Importer(815301076,1909f56bfc062723c751e8b465ee728b)
Start importing Assets/Samples/Input System/1.0.2/Simple Demo/SimpleDemo_UsingActions.unity using Guid(f2caf1f86d6cf4e4093394b90ea1708e) Importer(815301076,1909f56bfc062723c751e8b465ee728b)  -> (artifact id: '4dc0cf2cf6a26cba2c3601101ab546d4') in 0.013548 seconds 
========================================================================
Received Import Request.
  Time since last request: 2.594808 seconds.
  path: Assets/Samples/Input System/1.0.2/Simple Demo/SimpleDemo_UsingPlayerInput.unity
  artifactKey: Guid(244f1ab64a936478a88c45243ee5d285) Importer(815301076,1909f56bfc062723c751e8b465ee728b)
Start importing Assets/Samples/Input System/1.0.2/Simple Demo/SimpleDemo_UsingPlayerInput.unity using Guid(244f1ab64a936478a88c45243ee5d285) Importer(815301076,1909f56bfc062723c751e8b465ee728b)  -> (artifact id: 'c5e89959472078aa7f25d6e834b6f0ac') in 0.002036 seconds 
========================================================================
Received Import Request.
  Time since last request: 1.190435 seconds.
  path: Assets/Samples/Input System/1.0.2/Simple Demo/SimpleDemo_UsingState.unity
  artifactKey: Guid(3faa7bc12c6044a9c8e7796450744620) Importer(815301076,1909f56bfc062723c751e8b465ee728b)
Start importing Assets/Samples/Input System/1.0.2/Simple Demo/SimpleDemo_UsingState.unity using Guid(3faa7bc12c6044a9c8e7796450744620) Importer(815301076,1909f56bfc062723c751e8b465ee728b)  -> (artifact id: 'bf3004762637c9af4e2983265f2db8f6') in 0.002113 seconds 
========================================================================
Received Import Request.
  Time since last request: 64.533660 seconds.
  path: Assets/Scenes/SampleScene.unity
  artifactKey: Guid(9fc0d4010bbf28b4594072e72b8655ab) Importer(815301076,1909f56bfc062723c751e8b465ee728b)
Start importing Assets/Scenes/SampleScene.unity using Guid(9fc0d4010bbf28b4594072e72b8655ab) Importer(815301076,1909f56bfc062723c751e8b465ee728b)  -> (artifact id: '97f5aad4bdfb882c3345f935c08cf3d2') in 0.002476 seconds 
========================================================================
Received Prepare
Registering precompiled user dll's ...
Registered in 0.003370 seconds.
Begin MonoManager ReloadAssembly
Native extension for WindowsStandalone target not found
Refreshing native plugins compatible for Editor in 0.58 ms, found 1 plugins.
Preloading 0 native plugins for Editor in 0.00 ms.
Mono: successfully reloaded assembly
- Completed reload, in  0.773 seconds
Platform modules already initialized, skipping
Refreshing native plugins compatible for Editor in 0.97 ms, found 1 plugins.
Preloading 0 native plugins for Editor in 0.00 ms.
Unloading 3103 Unused Serialized files (Serialized files now loaded: 0)
System memory in use before: 118.6 MB.
System memory in use after: 118.8 MB.

Unloading 13 unused Assets to reduce memory usage. Loaded Objects now: 3648.
Total: 2.581000 ms (FindLiveObjects: 0.239300 ms CreateObjectMapping: 0.113900 ms MarkObjects: 2.184000 ms  DeleteObjects: 0.043100 ms)

========================================================================
Received Prepare
Registering precompiled user dll's ...
Registered in 0.003507 seconds.
Begin MonoManager ReloadAssembly
Native extension for WindowsStandalone target not found
Refreshing native plugins compatible for Editor in 0.59 ms, found 1 plugins.
Preloading 0 native plugins for Editor in 0.00 ms.
Mono: successfully reloaded assembly
- Completed reload, in  0.778 seconds
Platform modules already initialized, skipping
Refreshing native plugins compatible for Editor in 0.67 ms, found 1 plugins.
Preloading 0 native plugins for Editor in 0.00 ms.
Unloading 3103 Unused Serialized files (Serialized files now loaded: 0)
System memory in use before: 118.6 MB.
System memory in use after: 118.8 MB.

Unloading 13 unused Assets to reduce memory usage. Loaded Objects now: 3650.
Total: 2.177200 ms (FindLiveObjects: 0.244500 ms CreateObjectMapping: 0.071000 ms MarkObjects: 1.807500 ms  DeleteObjects: 0.053400 ms)

========================================================================
Received Import Request.
  Time since last request: 118.245744 seconds.
  path: Assets/Samples
  artifactKey: Guid(61ded4b804afcfa47ae0707d946c9802) Importer(815301076,1909f56bfc062723c751e8b465ee728b)
Start importing Assets/Samples using Guid(61ded4b804afcfa47ae0707d946c9802) Importer(815301076,1909f56bfc062723c751e8b465ee728b)  -> (artifact id: '7b360e4e840a19b32bad8ba03353d309') in 0.005308 seconds 
========================================================================
Received Import Request.
  Time since last request: 0.805711 seconds.
  path: Assets/Samples/Input System
  artifactKey: Guid(da130a4788216274cad6d99ecd1aea7c) Importer(815301076,1909f56bfc062723c751e8b465ee728b)
Start importing Assets/Samples/Input System using Guid(da130a4788216274cad6d99ecd1aea7c) Importer(815301076,1909f56bfc062723c751e8b465ee728b)  -> (artifact id: 'baca9810be51ca0bbc70ddd26f81d17a') in 0.001729 seconds 
========================================================================
Received Import Request.
  Time since last request: 0.626782 seconds.
  path: Assets/Samples/Input System/1.0.2
  artifactKey: Guid(1d6448cc0d2eb524c95febdecc86b1a4) Importer(815301076,1909f56bfc062723c751e8b465ee728b)
Start importing Assets/Samples/Input System/1.0.2 using Guid(1d6448cc0d2eb524c95febdecc86b1a4) Importer(815301076,1909f56bfc062723c751e8b465ee728b)  -> (artifact id: '2c84b0e4d959a306c4b3d6e22e3feb42') in 0.002380 seconds 
========================================================================
Received Import Request.
  Time since last request: 142.309702 seconds.
  path: Assets/Samples/Input System/1.0.2/Simple Demo/SimpleControls.cs
  artifactKey: Guid(8766f394ba19844a3845c24c45713052) Importer(815301076,1909f56bfc062723c751e8b465ee728b)
Start importing Assets/Samples/Input System/1.0.2/Simple Demo/SimpleControls.cs using Guid(8766f394ba19844a3845c24c45713052) Importer(815301076,1909f56bfc062723c751e8b465ee728b)  -> (artifact id: 'f5ad146c826ea0f6ba94e9fa9ad8ed44') in 0.003630 seconds 
========================================================================
Received Import Request.
  Time since last request: 0.752120 seconds.
  path: Assets/Samples/Input System/1.0.2/Simple Demo/SimpleController_UsingState.cs
  artifactKey: Guid(6530e5fa6e7bd4c9d99219c476807b5e) Importer(815301076,1909f56bfc062723c751e8b465ee728b)
Start importing Assets/Samples/Input System/1.0.2/Simple Demo/SimpleController_UsingState.cs using Guid(6530e5fa6e7bd4c9d99219c476807b5e) Importer(815301076,1909f56bfc062723c751e8b465ee728b)  -> (artifact id: 'b3655577e2e05046b71d1155d10aaba2') in 0.002128 seconds 
========================================================================
Received Import Request.
  Time since last request: 0.677147 seconds.
  path: Assets/Samples/Input System/1.0.2/Simple Demo/SimpleController_UsingPlayerInput.cs
  artifactKey: Guid(0923a5a14f884859a39872d225d9c72b) Importer(815301076,1909f56bfc062723c751e8b465ee728b)
Start importing Assets/Samples/Input System/1.0.2/Simple Demo/SimpleController_UsingPlayerInput.cs using Guid(0923a5a14f884859a39872d225d9c72b) Importer(815301076,1909f56bfc062723c751e8b465ee728b)  -> (artifact id: 'e32d6c18a8c73a5073def424ad349f24') in 0.001566 seconds 
========================================================================
Received Import Request.
  Time since last request: 21.234787 seconds.
  path: Assets/PlayerInputs.cs
  artifactKey: Guid(845b6d404e9211248b7cda9d30371d8e) Importer(815301076,1909f56bfc062723c751e8b465ee728b)
Start importing Assets/PlayerInputs.cs using Guid(845b6d404e9211248b7cda9d30371d8e) Importer(815301076,1909f56bfc062723c751e8b465ee728b)  -> (artifact id: 'f3b79e763f02b03ec1f8db8785f0541a') in 0.001404 seconds 
========================================================================
Received Import Request.
  Time since last request: 3.818338 seconds.
  path: Assets/Samples/Input System/1.0.2/InputDeviceTester/InputDeviceTester.asset
  artifactKey: Guid(5c4222eac5d064f888b070a9269a9150) Importer(815301076,1909f56bfc062723c751e8b465ee728b)
Start importing Assets/Samples/Input System/1.0.2/InputDeviceTester/InputDeviceTester.asset using Guid(5c4222eac5d064f888b070a9269a9150) Importer(815301076,1909f56bfc062723c751e8b465ee728b)  -> (artifact id: 'c712635cdcfef87d167e680501cafc8b') in 0.011419 seconds 
========================================================================
Received Import Request.
  Time since last request: 7.603321 seconds.
  path: Assets/Samples/Input System/1.0.2/Simple Demo/README.md
  artifactKey: Guid(ec15dad1b04214281a9b4853b22e16f8) Importer(815301076,1909f56bfc062723c751e8b465ee728b)
Start importing Assets/Samples/Input System/1.0.2/Simple Demo/README.md using Guid(ec15dad1b04214281a9b4853b22e16f8) Importer(815301076,1909f56bfc062723c751e8b465ee728b)  -> (artifact id: 'c9e3bc0765e92a48740bdb9861346caa') in 0.004011 seconds 
========================================================================
Received Prepare
Registering precompiled user dll's ...
Registered in 0.003912 seconds.
Begin MonoManager ReloadAssembly
Native extension for WindowsStandalone target not found
Refreshing native plugins compatible for Editor in 0.57 ms, found 1 plugins.
Preloading 0 native plugins for Editor in 0.00 ms.
Mono: successfully reloaded assembly
- Completed reload, in  0.742 seconds
Platform modules already initialized, skipping
Refreshing native plugins compatible for Editor in 0.96 ms, found 1 plugins.
Preloading 0 native plugins for Editor in 0.00 ms.
Unloading 3103 Unused Serialized files (Serialized files now loaded: 0)
System memory in use before: 118.6 MB.
System memory in use after: 118.8 MB.

Unloading 13 unused Assets to reduce memory usage. Loaded Objects now: 3652.
Total: 2.321500 ms (FindLiveObjects: 0.239500 ms CreateObjectMapping: 0.126800 ms MarkObjects: 1.911400 ms  DeleteObjects: 0.042900 ms)

========================================================================
Received Prepare
Registering precompiled user dll's ...
Registered in 0.005187 seconds.
Begin MonoManager ReloadAssembly
Native extension for WindowsStandalone target not found
Refreshing native plugins compatible for Editor in 0.56 ms, found 1 plugins.
Preloading 0 native plugins for Editor in 0.00 ms.
Mono: successfully reloaded assembly
- Completed reload, in  0.718 seconds
Platform modules already initialized, skipping
Refreshing native plugins compatible for Editor in 0.51 ms, found 1 plugins.
Preloading 0 native plugins for Editor in 0.00 ms.
Unloading 3103 Unused Serialized files (Serialized files now loaded: 0)
System memory in use before: 118.6 MB.
System memory in use after: 118.8 MB.

Unloading 13 unused Assets to reduce memory usage. Loaded Objects now: 3654.
Total: 1.902000 ms (FindLiveObjects: 0.334100 ms CreateObjectMapping: 0.069900 ms MarkObjects: 1.455200 ms  DeleteObjects: 0.041900 ms)

========================================================================
Received Prepare
Registering precompiled user dll's ...
Registered in 0.003949 seconds.
Begin MonoManager ReloadAssembly
Native extension for WindowsStandalone target not found
Refreshing native plugins compatible for Editor in 0.60 ms, found 1 plugins.
Preloading 0 native plugins for Editor in 0.00 ms.
Mono: successfully reloaded assembly
- Completed reload, in  0.825 seconds
Platform modules already initialized, skipping
Refreshing native plugins compatible for Editor in 0.77 ms, found 1 plugins.
Preloading 0 native plugins for Editor in 0.00 ms.
Unloading 3103 Unused Serialized files (Serialized files now loaded: 0)
System memory in use before: 118.6 MB.
System memory in use after: 118.8 MB.

Unloading 13 unused Assets to reduce memory usage. Loaded Objects now: 3656.
Total: 2.247000 ms (FindLiveObjects: 0.420800 ms CreateObjectMapping: 0.095200 ms MarkObjects: 1.674600 ms  DeleteObjects: 0.055500 ms)

========================================================================
Received Prepare
Registering precompiled user dll's ...
Registered in 0.003678 seconds.
Begin MonoManager ReloadAssembly
Native extension for WindowsStandalone target not found
Refreshing native plugins compatible for Editor in 0.65 ms, found 1 plugins.
Preloading 0 native plugins for Editor in 0.00 ms.
Mono: successfully reloaded assembly
- Completed reload, in  0.857 seconds
Platform modules already initialized, skipping
Refreshing native plugins compatible for Editor in 0.64 ms, found 1 plugins.
Preloading 0 native plugins for Editor in 0.00 ms.
Unloading 3103 Unused Serialized files (Serialized files now loaded: 0)
System memory in use before: 118.6 MB.
System memory in use after: 118.8 MB.

Unloading 13 unused Assets to reduce memory usage. Loaded Objects now: 3658.
Total: 2.419100 ms (FindLiveObjects: 0.219000 ms CreateObjectMapping: 0.134000 ms MarkObjects: 2.014400 ms  DeleteObjects: 0.050700 ms)

========================================================================
Received Prepare
Registering precompiled user dll's ...
Registered in 0.008637 seconds.
Begin MonoManager ReloadAssembly
Symbol file LoadedFromMemory is not a mono symbol file
Symbol file LoadedFromMemory is not a mono symbol file
Native extension for WindowsStandalone target not found
Refreshing native plugins compatible for Editor in 0.66 ms, found 3 plugins.
Preloading 0 native plugins for Editor in 0.00 ms.
Mono: successfully reloaded assembly
- Completed reload, in  0.765 seconds
Platform modules already initialized, skipping
Refreshing native plugins compatible for Editor in 0.65 ms, found 3 plugins.
Preloading 0 native plugins for Editor in 0.00 ms.
Unloading 3122 Unused Serialized files (Serialized files now loaded: 0)
System memory in use before: 119.2 MB.
System memory in use after: 119.4 MB.

Unloading 30 unused Assets to reduce memory usage. Loaded Objects now: 3704.
Total: 2.061400 ms (FindLiveObjects: 0.398000 ms CreateObjectMapping: 0.098000 ms MarkObjects: 1.518800 ms  DeleteObjects: 0.045600 ms)

========================================================================
Received Prepare
Registering precompiled user dll's ...
Registered in 0.007120 seconds.
Begin MonoManager ReloadAssembly
Symbol file LoadedFromMemory is not a mono symbol file
Symbol file LoadedFromMemory is not a mono symbol file
Symbol file LoadedFromMemory is not a mono symbol file
Symbol file LoadedFromMemory is not a mono symbol file
Native extension for WindowsStandalone target not found
Refreshing native plugins compatible for Editor in 0.67 ms, found 3 plugins.
Preloading 0 native plugins for Editor in 0.00 ms.
Mono: successfully reloaded assembly
- Completed reload, in  0.807 seconds
Platform modules already initialized, skipping
Refreshing native plugins compatible for Editor in 0.82 ms, found 3 plugins.
Preloading 0 native plugins for Editor in 0.00 ms.
Unloading 3122 Unused Serialized files (Serialized files now loaded: 0)
System memory in use before: 119.3 MB.
System memory in use after: 119.5 MB.

Unloading 30 unused Assets to reduce memory usage. Loaded Objects now: 3706.
Total: 2.663400 ms (FindLiveObjects: 0.439500 ms CreateObjectMapping: 0.099800 ms MarkObjects: 2.077400 ms  DeleteObjects: 0.045400 ms)

========================================================================
Received Prepare
Registering precompiled user dll's ...
Registered in 0.008788 seconds.
Begin MonoManager ReloadAssembly
Symbol file LoadedFromMemory is not a mono symbol file
Symbol file LoadedFromMemory is not a mono symbol file
Native extension for WindowsStandalone target not found
Refreshing native plugins compatible for Editor in 0.66 ms, found 3 plugins.
Preloading 0 native plugins for Editor in 0.00 ms.
Mono: successfully reloaded assembly
- Completed reload, in  0.750 seconds
Platform modules already initialized, skipping
Refreshing native plugins compatible for Editor in 0.76 ms, found 3 plugins.
Preloading 0 native plugins for Editor in 0.00 ms.
Unloading 3122 Unused Serialized files (Serialized files now loaded: 0)
System memory in use before: 119.3 MB.
System memory in use after: 119.5 MB.

Unloading 30 unused Assets to reduce memory usage. Loaded Objects now: 3708.
Total: 2.104900 ms (FindLiveObjects: 0.448900 ms CreateObjectMapping: 0.100700 ms MarkObjects: 1.508400 ms  DeleteObjects: 0.046300 ms)

========================================================================
Received Prepare
Registering precompiled user dll's ...
Registered in 0.008210 seconds.
Begin MonoManager ReloadAssembly
Symbol file LoadedFromMemory is not a mono symbol file
Symbol file LoadedFromMemory is not a mono symbol file
Symbol file LoadedFromMemory is not a mono symbol file
Symbol file LoadedFromMemory is not a mono symbol file
Native extension for WindowsStandalone target not found
Refreshing native plugins compatible for Editor in 0.90 ms, found 3 plugins.
Preloading 0 native plugins for Editor in 0.00 ms.
Mono: successfully reloaded assembly
- Completed reload, in  0.807 seconds
Platform modules already initialized, skipping
Refreshing native plugins compatible for Editor in 1.02 ms, found 3 plugins.
Preloading 0 native plugins for Editor in 0.00 ms.
Unloading 3122 Unused Serialized files (Serialized files now loaded: 0)
System memory in use before: 119.3 MB.
System memory in use after: 119.5 MB.

Unloading 30 unused Assets to reduce memory usage. Loaded Objects now: 3710.
Total: 2.455400 ms (FindLiveObjects: 0.269900 ms CreateObjectMapping: 0.144700 ms MarkObjects: 1.994300 ms  DeleteObjects: 0.045300 ms)

========================================================================
Received Prepare
Registering precompiled user dll's ...
Registered in 0.008166 seconds.
Begin MonoManager ReloadAssembly
Symbol file LoadedFromMemory is not a mono symbol file
Symbol file LoadedFromMemory is not a mono symbol file
Native extension for WindowsStandalone target not found
Refreshing native plugins compatible for Editor in 1.20 ms, found 3 plugins.
Preloading 0 native plugins for Editor in 0.00 ms.
Mono: successfully reloaded assembly
- Completed reload, in  0.774 seconds
Platform modules already initialized, skipping
Refreshing native plugins compatible for Editor in 1.10 ms, found 3 plugins.
Preloading 0 native plugins for Editor in 0.00 ms.
Unloading 3122 Unused Serialized files (Serialized files now loaded: 0)
System memory in use before: 119.3 MB.
System memory in use after: 119.5 MB.

Unloading 30 unused Assets to reduce memory usage. Loaded Objects now: 3712.
Total: 1.930900 ms (FindLiveObjects: 0.215800 ms CreateObjectMapping: 0.104700 ms MarkObjects: 1.568700 ms  DeleteObjects: 0.040900 ms)

========================================================================
Received Prepare
Registering precompiled user dll's ...
Registered in 0.008972 seconds.
Begin MonoManager ReloadAssembly
Symbol file LoadedFromMemory is not a mono symbol file
Symbol file LoadedFromMemory is not a mono symbol file
Symbol file LoadedFromMemory is not a mono symbol file
Symbol file LoadedFromMemory is not a mono symbol file
Native extension for WindowsStandalone target not found
Refreshing native plugins compatible for Editor in 0.65 ms, found 3 plugins.
Preloading 0 native plugins for Editor in 0.00 ms.
Mono: successfully reloaded assembly
- Completed reload, in  0.787 seconds
Platform modules already initialized, skipping
Refreshing native plugins compatible for Editor in 0.69 ms, found 3 plugins.
Preloading 0 native plugins for Editor in 0.00 ms.
Unloading 3122 Unused Serialized files (Serialized files now loaded: 0)
System memory in use before: 119.3 MB.
System memory in use after: 119.5 MB.

Unloading 30 unused Assets to reduce memory usage. Loaded Objects now: 3714.
Total: 1.972000 ms (FindLiveObjects: 0.255900 ms CreateObjectMapping: 0.074600 ms MarkObjects: 1.586600 ms  DeleteObjects: 0.054200 ms)

========================================================================
Received Import Request.
  Time since last request: 760.238475 seconds.
  path: Assets/Scripts/MovmentController.cs
  artifactKey: Guid(053c10bd4cf3a934fb4db0b985e39eba) Importer(815301076,1909f56bfc062723c751e8b465ee728b)
Start importing Assets/Scripts/MovmentController.cs using Guid(053c10bd4cf3a934fb4db0b985e39eba) Importer(815301076,1909f56bfc062723c751e8b465ee728b)  -> (artifact id: '3e630e99bd4d62b8a7183d6123f6a075') in 0.005761 seconds 
========================================================================
Received Prepare
Registering precompiled user dll's ...
Registered in 0.152958 seconds.
Begin MonoManager ReloadAssembly
Symbol file LoadedFromMemory is not a mono symbol file
Symbol file LoadedFromMemory is not a mono symbol file
Native extension for WindowsStandalone target not found
Refreshing native plugins compatible for Editor in 0.94 ms, found 3 plugins.
Preloading 0 native plugins for Editor in 0.00 ms.
Mono: successfully reloaded assembly
- Completed reload, in  0.804 seconds
Platform modules already initialized, skipping
Refreshing native plugins compatible for Editor in 38.82 ms, found 3 plugins.
Preloading 0 native plugins for Editor in 0.00 ms.
Unloading 3122 Unused Serialized files (Serialized files now loaded: 0)
System memory in use before: 119.3 MB.
System memory in use after: 119.5 MB.

Unloading 30 unused Assets to reduce memory usage. Loaded Objects now: 3716.
Total: 1.913100 ms (FindLiveObjects: 0.259000 ms CreateObjectMapping: 0.072200 ms MarkObjects: 1.538900 ms  DeleteObjects: 0.042300 ms)

========================================================================
Received Prepare
Registering precompiled user dll's ...
Registered in 0.010374 seconds.
Begin MonoManager ReloadAssembly
Symbol file LoadedFromMemory is not a mono symbol file
Symbol file LoadedFromMemory is not a mono symbol file
Symbol file LoadedFromMemory is not a mono symbol file
Symbol file LoadedFromMemory is not a mono symbol file
Native extension for WindowsStandalone target not found
Refreshing native plugins compatible for Editor in 0.65 ms, found 3 plugins.
Preloading 0 native plugins for Editor in 0.00 ms.
Mono: successfully reloaded assembly
- Completed reload, in  0.769 seconds
Platform modules already initialized, skipping
Refreshing native plugins compatible for Editor in 0.64 ms, found 3 plugins.
Preloading 0 native plugins for Editor in 0.00 ms.
Unloading 3122 Unused Serialized files (Serialized files now loaded: 0)
System memory in use before: 119.4 MB.
System memory in use after: 119.6 MB.

Unloading 30 unused Assets to reduce memory usage. Loaded Objects now: 3718.
Total: 1.862000 ms (FindLiveObjects: 0.219100 ms CreateObjectMapping: 0.068900 ms MarkObjects: 1.524200 ms  DeleteObjects: 0.049200 ms)

========================================================================
Received Prepare
Registering precompiled user dll's ...
Registered in 0.007956 seconds.
Begin MonoManager ReloadAssembly
Symbol file LoadedFromMemory is not a mono symbol file
Symbol file LoadedFromMemory is not a mono symbol file
Symbol file LoadedFromMemory is not a mono symbol file
Symbol file LoadedFromMemory is not a mono symbol file
Native extension for WindowsStandalone target not found
Refreshing native plugins compatible for Editor in 0.67 ms, found 3 plugins.
Preloading 0 native plugins for Editor in 0.00 ms.
Mono: successfully reloaded assembly
- Completed reload, in  0.840 seconds
Platform modules already initialized, skipping
Refreshing native plugins compatible for Editor in 0.69 ms, found 3 plugins.
Preloading 0 native plugins for Editor in 0.00 ms.
Unloading 3122 Unused Serialized files (Serialized files now loaded: 0)
System memory in use before: 119.4 MB.
System memory in use after: 119.6 MB.

Unloading 30 unused Assets to reduce memory usage. Loaded Objects now: 3720.
Total: 1.962000 ms (FindLiveObjects: 0.236500 ms CreateObjectMapping: 0.069600 ms MarkObjects: 1.602700 ms  DeleteObjects: 0.052300 ms)

========================================================================
Received Prepare
Registering precompiled user dll's ...
Registered in 0.010956 seconds.
Begin MonoManager ReloadAssembly
Symbol file LoadedFromMemory is not a mono symbol file
Symbol file LoadedFromMemory is not a mono symbol file
Symbol file LoadedFromMemory is not a mono symbol file
Symbol file LoadedFromMemory is not a mono symbol file
Native extension for WindowsStandalone target not found
Refreshing native plugins compatible for Editor in 0.71 ms, found 3 plugins.
Preloading 0 native plugins for Editor in 0.00 ms.
Mono: successfully reloaded assembly
- Completed reload, in  0.830 seconds
Platform modules already initialized, skipping
Refreshing native plugins compatible for Editor in 0.79 ms, found 3 plugins.
Preloading 0 native plugins for Editor in 0.00 ms.
Unloading 3122 Unused Serialized files (Serialized files now loaded: 0)
System memory in use before: 119.4 MB.
System memory in use after: 119.6 MB.

Unloading 30 unused Assets to reduce memory usage. Loaded Objects now: 3722.
Total: 2.300500 ms (FindLiveObjects: 0.240000 ms CreateObjectMapping: 0.111500 ms MarkObjects: 1.908900 ms  DeleteObjects: 0.039500 ms)

========================================================================
Received Import Request.
  Time since last request: 1206.854822 seconds.
  path: Assets/Scripts/MovmentController.cs
  artifactKey: Guid(053c10bd4cf3a934fb4db0b985e39eba) Importer(815301076,1909f56bfc062723c751e8b465ee728b)
Start importing Assets/Scripts/MovmentController.cs using Guid(053c10bd4cf3a934fb4db0b985e39eba) Importer(815301076,1909f56bfc062723c751e8b465ee728b)  -> (artifact id: '5597981520945c2b5ad1a7898f8d5f43') in 0.005183 seconds 
========================================================================
Received Prepare
Registering precompiled user dll's ...
Registered in 0.007677 seconds.
Begin MonoManager ReloadAssembly
Symbol file LoadedFromMemory is not a mono symbol file
Symbol file LoadedFromMemory is not a mono symbol file
Symbol file LoadedFromMemory is not a mono symbol file
Symbol file LoadedFromMemory is not a mono symbol file
Native extension for WindowsStandalone target not found
Refreshing native plugins compatible for Editor in 0.65 ms, found 3 plugins.
Preloading 0 native plugins for Editor in 0.00 ms.
Mono: successfully reloaded assembly
- Completed reload, in  0.766 seconds
Platform modules already initialized, skipping
Refreshing native plugins compatible for Editor in 0.68 ms, found 3 plugins.
Preloading 0 native plugins for Editor in 0.00 ms.
Unloading 3122 Unused Serialized files (Serialized files now loaded: 0)
System memory in use before: 119.4 MB.
System memory in use after: 119.6 MB.

Unloading 30 unused Assets to reduce memory usage. Loaded Objects now: 3724.
Total: 1.961500 ms (FindLiveObjects: 0.246800 ms CreateObjectMapping: 0.069900 ms MarkObjects: 1.599200 ms  DeleteObjects: 0.044400 ms)

